<?xml version="1.0" encoding="UTF-8"?>
<!-- Generated by org.testng.reporters.JUnitReportReporter -->
<testsuite hostname="SL-MRishad" failures="0" tests="1" name="testCases.ExplorePageTest" time="9.018" errors="0" timestamp="2023-01-11T17:40:36 IST" skipped="0">
  <testcase classname="testCases.ExplorePageTest" name="explorePageTest" time="9.018"/>
  <system-out/>
</testsuite> <!-- testCases.ExplorePageTest -->
