<?xml version="1.0" encoding="UTF-8"?>
<!-- Generated by org.testng.reporters.JUnitReportReporter -->
<testsuite hostname="SL-MRishad" failures="0" tests="1" name="testCases.CarNameAndPriceTest" time="8.129" errors="0" timestamp="2023-01-11T17:40:36 IST" skipped="0">
  <testcase classname="testCases.CarNameAndPriceTest" name="carNameAndPriceTest" time="8.129"/>
  <system-out/>
</testsuite> <!-- testCases.CarNameAndPriceTest -->
