<?xml version="1.0" encoding="UTF-8"?>
<!-- Generated by org.testng.reporters.JUnitReportReporter -->
<testsuite hostname="SL-MRishad" failures="0" tests="1" name="testCases.FindNewCarTest" time="11.087" errors="0" timestamp="2023-01-11T17:40:36 IST" skipped="0">
  <testcase classname="testCases.FindNewCarTest" name="findNewCarsTest" time="11.087"/>
  <system-out/>
</testsuite> <!-- testCases.FindNewCarTest -->
